<?xml version="1.0" encoding="UTF-8"?>
<robot generator="Robot 4.1.3 (Python 3.10.1 on darwin)" generated="20211231 18:26:52.026" rpa="false" schemaversion="2">
<suite id="s1" name="Suites">
<suite id="s1-s1" name="Test Case 03" source="/Users/murilo/Documents/KIS Project/tests/test_case_03.robot">
<test id="s1-s1-t1" name="Scenario 03: Calculate a string factorial">
<kw name="Given I access the website to calculate a factorial" library="BDD_keywords">
<kw name="Open Browser" library="SeleniumLibrary">
<doc>Opens a new browser instance to the optional ``url``.</doc>
<msg timestamp="20211231 18:26:53.405" level="INFO">Opening browser 'firefox' to base url 'None'.</msg>
<msg timestamp="20211231 18:26:53.407" level="INFO">Firefox driver log is always forced to to: /Users/murilo/Documents/KIS Project/pabot_results/2/geckodriver-1.log</msg>
<status status="PASS" starttime="20211231 18:26:53.403" endtime="20211231 18:27:07.699"/>
</kw>
<kw name="Acess application website" library="factorial_home_keywords">
<kw name="Go To" library="SeleniumLibrary">
<arg>${URL}</arg>
<doc>Navigates the current browser window to the provided ``url``.</doc>
<msg timestamp="20211231 18:27:07.704" level="INFO">Opening url 'https://qainterview.pythonanywhere.com/'</msg>
<status status="PASS" starttime="20211231 18:27:07.703" endtime="20211231 18:27:25.328"/>
</kw>
<kw name="Title Should Be" library="SeleniumLibrary">
<arg>Factoriall</arg>
<doc>Verifies that the current page title equals ``title``.</doc>
<msg timestamp="20211231 18:27:25.352" level="INFO">Page title is 'Factoriall'.</msg>
<status status="PASS" starttime="20211231 18:27:25.329" endtime="20211231 18:27:25.352"/>
</kw>
<kw name="Wait Until Page Contains" library="SeleniumLibrary">
<arg>${HOME_TEXT}</arg>
<doc>Waits until ``text`` appears on the current page.</doc>
<status status="PASS" starttime="20211231 18:27:25.353" endtime="20211231 18:27:25.397"/>
</kw>
<status status="PASS" starttime="20211231 18:27:07.701" endtime="20211231 18:27:25.398"/>
</kw>
<status status="PASS" starttime="20211231 18:26:53.399" endtime="20211231 18:27:25.400"/>
</kw>
<kw name="When I input a string" library="BDD_keywords">
<kw name="Input a string" library="factorial_home_keywords">
<kw name="Click Element" library="SeleniumLibrary">
<arg>${NUMBER_INPUT}</arg>
<doc>Click the element identified by ``locator``.</doc>
<msg timestamp="20211231 18:27:25.406" level="INFO">Clicking element 'id=number'.</msg>
<status status="PASS" starttime="20211231 18:27:25.404" endtime="20211231 18:27:25.660"/>
</kw>
<kw name="Input Text" library="SeleniumLibrary">
<arg>${NUMBER_INPUT}</arg>
<arg>j</arg>
<doc>Types the given ``text`` into the text field identified by ``locator``.</doc>
<msg timestamp="20211231 18:27:25.661" level="INFO">Typing text 'j' into text field 'id=number'.</msg>
<status status="PASS" starttime="20211231 18:27:25.660" endtime="20211231 18:27:25.703"/>
</kw>
<kw name="Click Element" library="SeleniumLibrary">
<arg>${CALCULATE_BUTTON}</arg>
<doc>Click the element identified by ``locator``.</doc>
<msg timestamp="20211231 18:27:25.705" level="INFO">Clicking element 'id=getFactorial'.</msg>
<status status="PASS" starttime="20211231 18:27:25.704" endtime="20211231 18:27:25.942"/>
</kw>
<status status="PASS" starttime="20211231 18:27:25.403" endtime="20211231 18:27:25.943"/>
</kw>
<status status="PASS" starttime="20211231 18:27:25.401" endtime="20211231 18:27:25.943"/>
</kw>
<kw name="Then I verify a error message" library="BDD_keywords">
<kw name="Invalid value alert" library="factorial_home_keywords">
<kw name="Element Should Contain" library="SeleniumLibrary">
<arg>${RESULT_MESSAGE}</arg>
<arg>Please enter an integer</arg>
<doc>Verifies that element ``locator`` contains text ``expected``.</doc>
<msg timestamp="20211231 18:27:25.979" level="INFO">Element 'id=resultDiv' contains text 'Please enter an integer'.</msg>
<status status="PASS" starttime="20211231 18:27:25.945" endtime="20211231 18:27:25.979"/>
</kw>
<kw name="Capture Page Screenshot" library="SeleniumLibrary">
<arg>alert_screenshot.png</arg>
<doc>Takes a screenshot of the current page and embeds it into a log file.</doc>
<msg timestamp="20211231 18:27:26.055" level="INFO" html="true">&lt;/td&gt;&lt;/tr&gt;&lt;tr&gt;&lt;td colspan="3"&gt;&lt;a href="alert_screenshot.png"&gt;&lt;img src="alert_screenshot.png" width="800px"&gt;&lt;/a&gt;</msg>
<status status="PASS" starttime="20211231 18:27:25.979" endtime="20211231 18:27:26.055"/>
</kw>
<status status="PASS" starttime="20211231 18:27:25.944" endtime="20211231 18:27:26.055"/>
</kw>
<kw name="Close Browser" library="SeleniumLibrary">
<doc>Closes the current browser.</doc>
<status status="PASS" starttime="20211231 18:27:26.056" endtime="20211231 18:27:37.616"/>
</kw>
<status status="PASS" starttime="20211231 18:27:25.944" endtime="20211231 18:27:37.617"/>
</kw>
<status status="PASS" starttime="20211231 18:26:53.394" endtime="20211231 18:27:37.618"/>
</test>
<status status="PASS" starttime="20211231 18:26:52.379" endtime="20211231 18:27:37.620"/>
</suite>
<status status="PASS" starttime="20211231 18:26:52.064" endtime="20211231 18:27:37.626"/>
</suite>
<statistics>
<total>
<stat pass="1" fail="0" skip="0">All Tests</stat>
</total>
<tag>
</tag>
<suite>
<stat pass="1" fail="0" skip="0" id="s1" name="Suites">Suites</stat>
<stat pass="1" fail="0" skip="0" id="s1-s1" name="Test Case 03">Suites.Test Case 03</stat>
</suite>
</statistics>
<errors>
<msg timestamp="20211231 18:26:53.373" level="ERROR">Error in file '/Users/murilo/Documents/KIS Project/resource/Keywords/BDD_keywords.robot' on line 3: Resource file '../resource/Keywords/factorial_home_keywords.robot' does not exist.</msg>
</errors>
</robot>
