<?xml version="1.0" encoding="UTF-8"?>
<robot generator="Robot 4.1.3 (Python 3.10.1 on darwin)" generated="20211231 18:26:52.022" rpa="false" schemaversion="2">
<suite id="s1" name="Suites">
<suite id="s1-s1" name="Test Case 01" source="/Users/murilo/Documents/KIS Project/tests/test_case_01.robot">
<test id="s1-s1-t1" name="Scenario 01: Calculate a integer number factorial">
<kw name="Given I access the website to calculate a factorial" library="BDD_keywords">
<kw name="Open Browser" library="SeleniumLibrary">
<doc>Opens a new browser instance to the optional ``url``.</doc>
<msg timestamp="20211231 18:26:53.499" level="INFO">Opening browser 'firefox' to base url 'None'.</msg>
<msg timestamp="20211231 18:26:53.505" level="INFO">Firefox driver log is always forced to to: /Users/murilo/Documents/KIS Project/pabot_results/0/geckodriver-1.log</msg>
<status status="PASS" starttime="20211231 18:26:53.497" endtime="20211231 18:27:07.041"/>
</kw>
<kw name="Acess application website" library="factorial_home_keywords">
<kw name="Go To" library="SeleniumLibrary">
<arg>${URL}</arg>
<doc>Navigates the current browser window to the provided ``url``.</doc>
<msg timestamp="20211231 18:27:07.045" level="INFO">Opening url 'https://qainterview.pythonanywhere.com/'</msg>
<status status="PASS" starttime="20211231 18:27:07.044" endtime="20211231 18:27:26.919"/>
</kw>
<kw name="Title Should Be" library="SeleniumLibrary">
<arg>Factoriall</arg>
<doc>Verifies that the current page title equals ``title``.</doc>
<msg timestamp="20211231 18:27:26.940" level="INFO">Page title is 'Factoriall'.</msg>
<status status="PASS" starttime="20211231 18:27:26.920" endtime="20211231 18:27:26.941"/>
</kw>
<kw name="Wait Until Page Contains" library="SeleniumLibrary">
<arg>${HOME_TEXT}</arg>
<doc>Waits until ``text`` appears on the current page.</doc>
<status status="PASS" starttime="20211231 18:27:26.942" endtime="20211231 18:27:26.994"/>
</kw>
<status status="PASS" starttime="20211231 18:27:07.042" endtime="20211231 18:27:26.995"/>
</kw>
<status status="PASS" starttime="20211231 18:26:53.495" endtime="20211231 18:27:27.000"/>
</kw>
<kw name="When I input a integer number" library="BDD_keywords">
<kw name="Input a integer number" library="factorial_home_keywords">
<kw name="Click Element" library="SeleniumLibrary">
<arg>${NUMBER_INPUT}</arg>
<doc>Click the element identified by ``locator``.</doc>
<msg timestamp="20211231 18:27:27.008" level="INFO">Clicking element 'id=number'.</msg>
<status status="PASS" starttime="20211231 18:27:27.007" endtime="20211231 18:27:27.276"/>
</kw>
<kw name="Input Text" library="SeleniumLibrary">
<arg>${NUMBER_INPUT}</arg>
<arg>5</arg>
<doc>Types the given ``text`` into the text field identified by ``locator``.</doc>
<msg timestamp="20211231 18:27:27.279" level="INFO">Typing text '5' into text field 'id=number'.</msg>
<status status="PASS" starttime="20211231 18:27:27.277" endtime="20211231 18:27:27.330"/>
</kw>
<kw name="Click Element" library="SeleniumLibrary">
<arg>${CALCULATE_BUTTON}</arg>
<doc>Click the element identified by ``locator``.</doc>
<msg timestamp="20211231 18:27:27.334" level="INFO">Clicking element 'id=getFactorial'.</msg>
<status status="PASS" starttime="20211231 18:27:27.331" endtime="20211231 18:27:27.587"/>
</kw>
<status status="PASS" starttime="20211231 18:27:27.005" endtime="20211231 18:27:27.588"/>
</kw>
<status status="PASS" starttime="20211231 18:27:27.003" endtime="20211231 18:27:27.589"/>
</kw>
<kw name="Then I verify the right result" library="BDD_keywords">
<kw name="Result verification" library="factorial_home_keywords">
<kw name="Element Should Contain" library="SeleniumLibrary">
<arg>${RESULT_MESSAGE}</arg>
<arg>The factorial of 5 is: 120</arg>
<doc>Verifies that element ``locator`` contains text ``expected``.</doc>
<msg timestamp="20211231 18:27:27.636" level="INFO">Element 'id=resultDiv' contains text 'The factorial of 5 is: 120'.</msg>
<status status="PASS" starttime="20211231 18:27:27.592" endtime="20211231 18:27:27.636"/>
</kw>
<kw name="Capture Page Screenshot" library="SeleniumLibrary">
<arg>result_screenshot.png</arg>
<doc>Takes a screenshot of the current page and embeds it into a log file.</doc>
<msg timestamp="20211231 18:27:27.748" level="INFO" html="true">&lt;/td&gt;&lt;/tr&gt;&lt;tr&gt;&lt;td colspan="3"&gt;&lt;a href="result_screenshot.png"&gt;&lt;img src="result_screenshot.png" width="800px"&gt;&lt;/a&gt;</msg>
<status status="PASS" starttime="20211231 18:27:27.637" endtime="20211231 18:27:27.748"/>
</kw>
<status status="PASS" starttime="20211231 18:27:27.591" endtime="20211231 18:27:27.748"/>
</kw>
<kw name="Close Browser" library="SeleniumLibrary">
<doc>Closes the current browser.</doc>
<status status="PASS" starttime="20211231 18:27:27.749" endtime="20211231 18:27:39.493"/>
</kw>
<status status="PASS" starttime="20211231 18:27:27.589" endtime="20211231 18:27:39.493"/>
</kw>
<status status="PASS" starttime="20211231 18:26:53.490" endtime="20211231 18:27:39.494"/>
</test>
<status status="PASS" starttime="20211231 18:26:52.372" endtime="20211231 18:27:39.497"/>
</suite>
<status status="PASS" starttime="20211231 18:26:52.037" endtime="20211231 18:27:39.502"/>
</suite>
<statistics>
<total>
<stat pass="1" fail="0" skip="0">All Tests</stat>
</total>
<tag>
</tag>
<suite>
<stat pass="1" fail="0" skip="0" id="s1" name="Suites">Suites</stat>
<stat pass="1" fail="0" skip="0" id="s1-s1" name="Test Case 01">Suites.Test Case 01</stat>
</suite>
</statistics>
<errors>
<msg timestamp="20211231 18:26:53.411" level="ERROR">Error in file '/Users/murilo/Documents/KIS Project/resource/Keywords/BDD_keywords.robot' on line 3: Resource file '../resource/Keywords/factorial_home_keywords.robot' does not exist.</msg>
</errors>
</robot>
