<?xml version="1.0" encoding="UTF-8"?>
<robot generator="Robot 4.1.3 (Python 3.10.1 on darwin)" generated="20211231 18:26:51.982" rpa="false" schemaversion="2">
<suite id="s1" name="Suites">
<suite id="s1-s1" name="Test Case 05" source="/Users/murilo/Documents/KIS Project/tests/test_case_05.robot">
<test id="s1-s1-t1" name="Scenario 05: Calculate big numbers factorial">
<kw name="Given I access the website to calculate a factorial" library="BDD_keywords">
<kw name="Open Browser" library="SeleniumLibrary">
<doc>Opens a new browser instance to the optional ``url``.</doc>
<msg timestamp="20211231 18:26:53.365" level="INFO">Opening browser 'firefox' to base url 'None'.</msg>
<msg timestamp="20211231 18:26:53.366" level="INFO">Firefox driver log is always forced to to: /Users/murilo/Documents/KIS Project/pabot_results/4/geckodriver-1.log</msg>
<status status="PASS" starttime="20211231 18:26:53.364" endtime="20211231 18:27:06.448"/>
</kw>
<kw name="Acess application website" library="factorial_home_keywords">
<kw name="Go To" library="SeleniumLibrary">
<arg>${URL}</arg>
<doc>Navigates the current browser window to the provided ``url``.</doc>
<msg timestamp="20211231 18:27:06.452" level="INFO">Opening url 'https://qainterview.pythonanywhere.com/'</msg>
<status status="PASS" starttime="20211231 18:27:06.451" endtime="20211231 18:27:40.421"/>
</kw>
<kw name="Title Should Be" library="SeleniumLibrary">
<arg>Factoriall</arg>
<doc>Verifies that the current page title equals ``title``.</doc>
<msg timestamp="20211231 18:27:40.433" level="INFO">Page title is 'Factoriall'.</msg>
<status status="PASS" starttime="20211231 18:27:40.422" endtime="20211231 18:27:40.433"/>
</kw>
<kw name="Wait Until Page Contains" library="SeleniumLibrary">
<arg>${HOME_TEXT}</arg>
<doc>Waits until ``text`` appears on the current page.</doc>
<status status="PASS" starttime="20211231 18:27:40.433" endtime="20211231 18:27:40.464"/>
</kw>
<status status="PASS" starttime="20211231 18:27:06.450" endtime="20211231 18:27:40.465"/>
</kw>
<status status="PASS" starttime="20211231 18:26:53.363" endtime="20211231 18:27:40.465"/>
</kw>
<kw name="When I input a integer number bigger than 170" library="BDD_keywords">
<kw name="Input a big number" library="factorial_home_keywords">
<kw name="Click Element" library="SeleniumLibrary">
<arg>${NUMBER_INPUT}</arg>
<doc>Click the element identified by ``locator``.</doc>
<msg timestamp="20211231 18:27:40.472" level="INFO">Clicking element 'id=number'.</msg>
<status status="PASS" starttime="20211231 18:27:40.470" endtime="20211231 18:27:40.718"/>
</kw>
<kw name="Input Text" library="SeleniumLibrary">
<arg>${NUMBER_INPUT}</arg>
<arg>300</arg>
<doc>Types the given ``text`` into the text field identified by ``locator``.</doc>
<msg timestamp="20211231 18:27:40.720" level="INFO">Typing text '300' into text field 'id=number'.</msg>
<status status="PASS" starttime="20211231 18:27:40.719" endtime="20211231 18:27:40.760"/>
</kw>
<kw name="Click Element" library="SeleniumLibrary">
<arg>${CALCULATE_BUTTON}</arg>
<doc>Click the element identified by ``locator``.</doc>
<msg timestamp="20211231 18:27:40.761" level="INFO">Clicking element 'id=getFactorial'.</msg>
<status status="PASS" starttime="20211231 18:27:40.760" endtime="20211231 18:27:41.010"/>
</kw>
<status status="PASS" starttime="20211231 18:27:40.467" endtime="20211231 18:27:41.011"/>
</kw>
<status status="PASS" starttime="20211231 18:27:40.466" endtime="20211231 18:27:41.011"/>
</kw>
<kw name="Then I verify a result" library="BDD_keywords">
<kw name="Big numbers result verification" library="factorial_home_keywords">
<kw name="Element Should Contain" library="SeleniumLibrary">
<arg>${RESULT_MESSAGE}</arg>
<arg>The factorial of 300 is: Infinity</arg>
<doc>Verifies that element ``locator`` contains text ``expected``.</doc>
<msg timestamp="20211231 18:27:41.046" level="INFO">Element 'id=resultDiv' contains text 'The factorial of 300 is: Infinity'.</msg>
<status status="PASS" starttime="20211231 18:27:41.014" endtime="20211231 18:27:41.047"/>
</kw>
<kw name="Capture Page Screenshot" library="SeleniumLibrary">
<arg>result_screenshot.png</arg>
<doc>Takes a screenshot of the current page and embeds it into a log file.</doc>
<msg timestamp="20211231 18:27:41.128" level="INFO" html="true">&lt;/td&gt;&lt;/tr&gt;&lt;tr&gt;&lt;td colspan="3"&gt;&lt;a href="result_screenshot.png"&gt;&lt;img src="result_screenshot.png" width="800px"&gt;&lt;/a&gt;</msg>
<status status="PASS" starttime="20211231 18:27:41.048" endtime="20211231 18:27:41.128"/>
</kw>
<status status="PASS" starttime="20211231 18:27:41.013" endtime="20211231 18:27:41.129"/>
</kw>
<kw name="Close Browser" library="SeleniumLibrary">
<doc>Closes the current browser.</doc>
<status status="PASS" starttime="20211231 18:27:41.129" endtime="20211231 18:27:41.970"/>
</kw>
<status status="PASS" starttime="20211231 18:27:41.012" endtime="20211231 18:27:41.970"/>
</kw>
<status status="PASS" starttime="20211231 18:26:53.361" endtime="20211231 18:27:41.971"/>
</test>
<status status="PASS" starttime="20211231 18:26:52.126" endtime="20211231 18:27:41.972"/>
</suite>
<status status="PASS" starttime="20211231 18:26:52.009" endtime="20211231 18:27:41.975"/>
</suite>
<statistics>
<total>
<stat pass="1" fail="0" skip="0">All Tests</stat>
</total>
<tag>
</tag>
<suite>
<stat pass="1" fail="0" skip="0" id="s1" name="Suites">Suites</stat>
<stat pass="1" fail="0" skip="0" id="s1-s1" name="Test Case 05">Suites.Test Case 05</stat>
</suite>
</statistics>
<errors>
<msg timestamp="20211231 18:26:53.352" level="ERROR">Error in file '/Users/murilo/Documents/KIS Project/resource/Keywords/BDD_keywords.robot' on line 3: Resource file '../resource/Keywords/factorial_home_keywords.robot' does not exist.</msg>
</errors>
</robot>
