<?xml version="1.0" encoding="UTF-8"?>
<robot generator="Robot 4.1.3 (Python 3.10.1 on darwin)" generated="20211231 18:26:51.963" rpa="false" schemaversion="2">
<suite id="s1" name="Suites">
<suite id="s1-s1" name="Test Case 02" source="/Users/murilo/Documents/KIS Project/tests/test_case_02.robot">
<test id="s1-s1-t1" name="Scenario 02: Calculate a float number factorial">
<kw name="Given I access the website to calculate a factorial" library="BDD_keywords">
<kw name="Open Browser" library="SeleniumLibrary">
<doc>Opens a new browser instance to the optional ``url``.</doc>
<msg timestamp="20211231 18:26:53.364" level="INFO">Opening browser 'firefox' to base url 'None'.</msg>
<msg timestamp="20211231 18:26:53.369" level="INFO">Firefox driver log is always forced to to: /Users/murilo/Documents/KIS Project/pabot_results/1/geckodriver-1.log</msg>
<status status="PASS" starttime="20211231 18:26:53.363" endtime="20211231 18:27:07.226"/>
</kw>
<kw name="Acess application website" library="factorial_home_keywords">
<kw name="Go To" library="SeleniumLibrary">
<arg>${URL}</arg>
<doc>Navigates the current browser window to the provided ``url``.</doc>
<msg timestamp="20211231 18:27:07.231" level="INFO">Opening url 'https://qainterview.pythonanywhere.com/'</msg>
<status status="PASS" starttime="20211231 18:27:07.230" endtime="20211231 18:27:36.272"/>
</kw>
<kw name="Title Should Be" library="SeleniumLibrary">
<arg>Factoriall</arg>
<doc>Verifies that the current page title equals ``title``.</doc>
<msg timestamp="20211231 18:27:36.911" level="INFO">Page title is 'Factoriall'.</msg>
<status status="PASS" starttime="20211231 18:27:36.273" endtime="20211231 18:27:36.911"/>
</kw>
<kw name="Wait Until Page Contains" library="SeleniumLibrary">
<arg>${HOME_TEXT}</arg>
<doc>Waits until ``text`` appears on the current page.</doc>
<status status="PASS" starttime="20211231 18:27:36.912" endtime="20211231 18:27:37.019"/>
</kw>
<status status="PASS" starttime="20211231 18:27:07.228" endtime="20211231 18:27:37.020"/>
</kw>
<status status="PASS" starttime="20211231 18:26:53.362" endtime="20211231 18:27:37.021"/>
</kw>
<kw name="When I input a float number" library="BDD_keywords">
<kw name="Input a float number" library="factorial_home_keywords">
<kw name="Click Element" library="SeleniumLibrary">
<arg>${NUMBER_INPUT}</arg>
<doc>Click the element identified by ``locator``.</doc>
<msg timestamp="20211231 18:27:37.027" level="INFO">Clicking element 'id=number'.</msg>
<status status="PASS" starttime="20211231 18:27:37.026" endtime="20211231 18:27:37.447"/>
</kw>
<kw name="Input Text" library="SeleniumLibrary">
<arg>${NUMBER_INPUT}</arg>
<arg>2.5</arg>
<doc>Types the given ``text`` into the text field identified by ``locator``.</doc>
<msg timestamp="20211231 18:27:37.449" level="INFO">Typing text '2.5' into text field 'id=number'.</msg>
<status status="PASS" starttime="20211231 18:27:37.447" endtime="20211231 18:27:37.491"/>
</kw>
<kw name="Click Element" library="SeleniumLibrary">
<arg>${CALCULATE_BUTTON}</arg>
<doc>Click the element identified by ``locator``.</doc>
<msg timestamp="20211231 18:27:37.493" level="INFO">Clicking element 'id=getFactorial'.</msg>
<status status="PASS" starttime="20211231 18:27:37.492" endtime="20211231 18:27:37.727"/>
</kw>
<status status="PASS" starttime="20211231 18:27:37.025" endtime="20211231 18:27:37.729"/>
</kw>
<status status="PASS" starttime="20211231 18:27:37.021" endtime="20211231 18:27:37.729"/>
</kw>
<kw name="Then I verify a error message" library="BDD_keywords">
<kw name="Invalid value alert" library="factorial_home_keywords">
<kw name="Element Should Contain" library="SeleniumLibrary">
<arg>${RESULT_MESSAGE}</arg>
<arg>Please enter an integer</arg>
<doc>Verifies that element ``locator`` contains text ``expected``.</doc>
<msg timestamp="20211231 18:27:37.768" level="INFO">Element 'id=resultDiv' contains text 'Please enter an integer'.</msg>
<status status="PASS" starttime="20211231 18:27:37.733" endtime="20211231 18:27:37.769"/>
</kw>
<kw name="Capture Page Screenshot" library="SeleniumLibrary">
<arg>alert_screenshot.png</arg>
<doc>Takes a screenshot of the current page and embeds it into a log file.</doc>
<msg timestamp="20211231 18:27:37.866" level="INFO" html="true">&lt;/td&gt;&lt;/tr&gt;&lt;tr&gt;&lt;td colspan="3"&gt;&lt;a href="alert_screenshot.png"&gt;&lt;img src="alert_screenshot.png" width="800px"&gt;&lt;/a&gt;</msg>
<status status="PASS" starttime="20211231 18:27:37.769" endtime="20211231 18:27:37.866"/>
</kw>
<status status="PASS" starttime="20211231 18:27:37.732" endtime="20211231 18:27:37.867"/>
</kw>
<kw name="Close Browser" library="SeleniumLibrary">
<doc>Closes the current browser.</doc>
<status status="PASS" starttime="20211231 18:27:37.868" endtime="20211231 18:27:40.454"/>
</kw>
<status status="PASS" starttime="20211231 18:27:37.730" endtime="20211231 18:27:40.454"/>
</kw>
<status status="PASS" starttime="20211231 18:26:53.360" endtime="20211231 18:27:40.455"/>
</test>
<status status="PASS" starttime="20211231 18:26:52.109" endtime="20211231 18:27:40.458"/>
</suite>
<status status="PASS" starttime="20211231 18:26:51.981" endtime="20211231 18:27:40.464"/>
</suite>
<statistics>
<total>
<stat pass="1" fail="0" skip="0">All Tests</stat>
</total>
<tag>
</tag>
<suite>
<stat pass="1" fail="0" skip="0" id="s1" name="Suites">Suites</stat>
<stat pass="1" fail="0" skip="0" id="s1-s1" name="Test Case 02">Suites.Test Case 02</stat>
</suite>
</statistics>
<errors>
<msg timestamp="20211231 18:26:53.355" level="ERROR">Error in file '/Users/murilo/Documents/KIS Project/resource/Keywords/BDD_keywords.robot' on line 3: Resource file '../resource/Keywords/factorial_home_keywords.robot' does not exist.</msg>
</errors>
</robot>
