<?xml version="1.0" encoding="UTF-8"?>
<robot generator="Robot 4.1.3 (Python 3.10.1 on darwin)" generated="20211231 18:26:51.994" rpa="false" schemaversion="2">
<suite id="s1" name="Suites">
<suite id="s1-s1" name="Test Case 06" source="/Users/murilo/Documents/KIS Project/tests/test_case_06.robot">
<test id="s1-s1-t1" name="Scenario 06: Calculate a negative number factorial">
<kw name="Given I access the website to calculate a factorial" library="BDD_keywords">
<kw name="Open Browser" library="SeleniumLibrary">
<doc>Opens a new browser instance to the optional ``url``.</doc>
<msg timestamp="20211231 18:26:53.411" level="INFO">Opening browser 'firefox' to base url 'None'.</msg>
<msg timestamp="20211231 18:26:53.413" level="INFO">Firefox driver log is always forced to to: /Users/murilo/Documents/KIS Project/pabot_results/5/geckodriver-1.log</msg>
<status status="PASS" starttime="20211231 18:26:53.411" endtime="20211231 18:27:07.155"/>
</kw>
<kw name="Acess application website" library="factorial_home_keywords">
<kw name="Go To" library="SeleniumLibrary">
<arg>${URL}</arg>
<doc>Navigates the current browser window to the provided ``url``.</doc>
<msg timestamp="20211231 18:27:07.159" level="INFO">Opening url 'https://qainterview.pythonanywhere.com/'</msg>
<status status="PASS" starttime="20211231 18:27:07.158" endtime="20211231 18:27:38.870"/>
</kw>
<kw name="Title Should Be" library="SeleniumLibrary">
<arg>Factoriall</arg>
<doc>Verifies that the current page title equals ``title``.</doc>
<msg timestamp="20211231 18:27:38.891" level="INFO">Page title is 'Factoriall'.</msg>
<status status="PASS" starttime="20211231 18:27:38.871" endtime="20211231 18:27:38.892"/>
</kw>
<kw name="Wait Until Page Contains" library="SeleniumLibrary">
<arg>${HOME_TEXT}</arg>
<doc>Waits until ``text`` appears on the current page.</doc>
<status status="PASS" starttime="20211231 18:27:38.893" endtime="20211231 18:27:38.927"/>
</kw>
<status status="PASS" starttime="20211231 18:27:07.157" endtime="20211231 18:27:38.928"/>
</kw>
<status status="PASS" starttime="20211231 18:26:53.403" endtime="20211231 18:27:38.928"/>
</kw>
<kw name="When I input a negative number" library="BDD_keywords">
<kw name="Input a negative number" library="factorial_home_keywords">
<kw name="Click Element" library="SeleniumLibrary">
<arg>${NUMBER_INPUT}</arg>
<doc>Click the element identified by ``locator``.</doc>
<msg timestamp="20211231 18:27:38.934" level="INFO">Clicking element 'id=number'.</msg>
<status status="PASS" starttime="20211231 18:27:38.932" endtime="20211231 18:27:39.194"/>
</kw>
<kw name="Input Text" library="SeleniumLibrary">
<arg>${NUMBER_INPUT}</arg>
<arg>-10</arg>
<doc>Types the given ``text`` into the text field identified by ``locator``.</doc>
<msg timestamp="20211231 18:27:39.195" level="INFO">Typing text '-10' into text field 'id=number'.</msg>
<status status="PASS" starttime="20211231 18:27:39.194" endtime="20211231 18:27:39.234"/>
</kw>
<kw name="Click Element" library="SeleniumLibrary">
<arg>${CALCULATE_BUTTON}</arg>
<doc>Click the element identified by ``locator``.</doc>
<msg timestamp="20211231 18:27:39.236" level="INFO">Clicking element 'id=getFactorial'.</msg>
<status status="PASS" starttime="20211231 18:27:39.235" endtime="20211231 18:27:39.480"/>
</kw>
<status status="PASS" starttime="20211231 18:27:38.930" endtime="20211231 18:27:39.480"/>
</kw>
<status status="PASS" starttime="20211231 18:27:38.929" endtime="20211231 18:27:39.481"/>
</kw>
<kw name="Then I verify a error message" library="BDD_keywords">
<kw name="Invalid value alert" library="factorial_home_keywords">
<kw name="Element Should Contain" library="SeleniumLibrary">
<arg>${RESULT_MESSAGE}</arg>
<arg>Please enter an integer</arg>
<doc>Verifies that element ``locator`` contains text ``expected``.</doc>
<kw name="Capture Page Screenshot" library="SeleniumLibrary">
<doc>Takes a screenshot of the current page and embeds it into a log file.</doc>
<msg timestamp="20211231 18:27:39.619" level="INFO" html="true">&lt;/td&gt;&lt;/tr&gt;&lt;tr&gt;&lt;td colspan="3"&gt;&lt;a href="selenium-screenshot-1.png"&gt;&lt;img src="selenium-screenshot-1.png" width="800px"&gt;&lt;/a&gt;</msg>
<status status="PASS" starttime="20211231 18:27:39.524" endtime="20211231 18:27:39.620"/>
</kw>
<msg timestamp="20211231 18:27:39.625" level="FAIL">Element 'id=resultDiv' should have contained text 'Please enter an integer' but its text was ''.</msg>
<status status="FAIL" starttime="20211231 18:27:39.484" endtime="20211231 18:27:39.626"/>
</kw>
<kw name="Capture Page Screenshot" library="SeleniumLibrary">
<arg>alert_screenshot.png</arg>
<doc>Takes a screenshot of the current page and embeds it into a log file.</doc>
<status status="NOT RUN" starttime="20211231 18:27:39.627" endtime="20211231 18:27:39.628"/>
</kw>
<status status="FAIL" starttime="20211231 18:27:39.483" endtime="20211231 18:27:39.629"/>
</kw>
<kw name="Close Browser" library="SeleniumLibrary">
<doc>Closes the current browser.</doc>
<status status="NOT RUN" starttime="20211231 18:27:39.630" endtime="20211231 18:27:39.630"/>
</kw>
<status status="FAIL" starttime="20211231 18:27:39.482" endtime="20211231 18:27:39.632"/>
</kw>
<status status="FAIL" starttime="20211231 18:26:53.392" endtime="20211231 18:27:39.633">Element 'id=resultDiv' should have contained text 'Please enter an integer' but its text was ''.</status>
</test>
<status status="FAIL" starttime="20211231 18:26:52.128" endtime="20211231 18:27:39.635"/>
</suite>
<status status="FAIL" starttime="20211231 18:26:52.009" endtime="20211231 18:27:39.641"/>
</suite>
<statistics>
<total>
<stat pass="0" fail="1" skip="0">All Tests</stat>
</total>
<tag>
</tag>
<suite>
<stat pass="0" fail="1" skip="0" id="s1" name="Suites">Suites</stat>
<stat pass="0" fail="1" skip="0" id="s1-s1" name="Test Case 06">Suites.Test Case 06</stat>
</suite>
</statistics>
<errors>
<msg timestamp="20211231 18:26:53.381" level="ERROR">Error in file '/Users/murilo/Documents/KIS Project/resource/Keywords/BDD_keywords.robot' on line 3: Resource file '../resource/Keywords/factorial_home_keywords.robot' does not exist.</msg>
</errors>
</robot>
